2025-12-15 15:47:38,934 [Worker-6: Loading available Gradle versions] INFO  o.e.b.c.i.u.g.PublishedGradleVersions - Gradle version information cache is out-of-date. Trying to update.
2025-12-15 15:47:40,335 [Worker-6: Loading available Gradle versions] INFO  o.e.b.c.i.u.g.PublishedGradleVersions - Updating Gradle version information cache failed. Using outdated cache.
2025-12-19 14:30:16,996 [Worker-5: Loading available Gradle versions] INFO  o.e.b.c.i.u.g.PublishedGradleVersions - Gradle version information cache is out-of-date. Trying to update.
2025-12-19 14:30:18,617 [Worker-5: Loading available Gradle versions] INFO  o.e.b.c.i.u.g.PublishedGradleVersions - Updating Gradle version information cache failed. Using outdated cache.
2025-12-19 14:31:56,062 [Worker-5: Loading available Gradle versions] INFO  o.e.b.c.i.u.g.PublishedGradleVersions - Gradle version information cache is out-of-date. Trying to update.
2025-12-19 14:31:57,439 [Worker-5: Loading available Gradle versions] INFO  o.e.b.c.i.u.g.PublishedGradleVersions - Updating Gradle version information cache failed. Using outdated cache.
2025-12-19 14:35:46,765 [Worker-4: Loading available Gradle versions] INFO  o.e.b.c.i.u.g.PublishedGradleVersions - Gradle version information cache is out-of-date. Trying to update.
2025-12-19 14:35:48,079 [Worker-4: Loading available Gradle versions] INFO  o.e.b.c.i.u.g.PublishedGradleVersions - Updating Gradle version information cache failed. Using outdated cache.
2025-12-25 20:36:04,868 [Worker-7: Loading available Gradle versions] INFO  o.e.b.c.i.u.g.PublishedGradleVersions - Gradle version information cache is out-of-date. Trying to update.
2025-12-25 20:36:06,264 [Worker-7: Loading available Gradle versions] INFO  o.e.b.c.i.u.g.PublishedGradleVersions - Updating Gradle version information cache failed. Using outdated cache.
2025-12-25 20:37:41,993 [Worker-4: Loading available Gradle versions] INFO  o.e.b.c.i.u.g.PublishedGradleVersions - Gradle version information cache is out-of-date. Trying to update.
2025-12-25 20:37:43,718 [Worker-4: Loading available Gradle versions] INFO  o.e.b.c.i.u.g.PublishedGradleVersions - Updating Gradle version information cache failed. Using outdated cache.
2025-12-25 20:38:19,162 [Worker-7: Loading available Gradle versions] INFO  o.e.b.c.i.u.g.PublishedGradleVersions - Gradle version information cache is out-of-date. Trying to update.
2025-12-25 20:38:20,551 [Worker-7: Loading available Gradle versions] INFO  o.e.b.c.i.u.g.PublishedGradleVersions - Updating Gradle version information cache failed. Using outdated cache.
2025-12-26 16:40:00,541 [Worker-2: Loading available Gradle versions] INFO  o.e.b.c.i.u.g.PublishedGradleVersions - Gradle version information cache is out-of-date. Trying to update.
2025-12-26 16:40:01,320 [Worker-2: Loading available Gradle versions] INFO  o.e.b.c.i.u.g.PublishedGradleVersions - Updating Gradle version information cache failed. Using outdated cache.
2025-12-26 17:09:25,732 [Worker-2: Loading available Gradle versions] INFO  o.e.b.c.i.u.g.PublishedGradleVersions - Gradle version information cache is up-to-date. Trying to read.
2025-12-27 13:05:44,531 [Worker-5: Loading available Gradle versions] INFO  o.e.b.c.i.u.g.PublishedGradleVersions - Gradle version information cache is up-to-date. Trying to read.
2025-12-27 16:54:10,852 [Worker-6: Loading available Gradle versions] INFO  o.e.b.c.i.u.g.PublishedGradleVersions - Gradle version information cache is up-to-date. Trying to read.
2025-12-28 12:32:56,933 [Worker-2: Loading available Gradle versions] INFO  o.e.b.c.i.u.g.PublishedGradleVersions - Gradle version information cache is out-of-date. Trying to update.
2025-12-28 12:32:58,470 [Worker-2: Loading available Gradle versions] INFO  o.e.b.c.i.u.g.PublishedGradleVersions - Updating Gradle version information cache failed. Using outdated cache.
2025-12-29 17:00:48,405 [Worker-4: Loading available Gradle versions] INFO  o.e.b.c.i.u.g.PublishedGradleVersions - Gradle version information cache is out-of-date. Trying to update.
2025-12-29 17:00:49,630 [Worker-4: Loading available Gradle versions] INFO  o.e.b.c.i.u.g.PublishedGradleVersions - Updating Gradle version information cache failed. Using outdated cache.
2025-12-30 13:50:12,038 [Worker-6: Loading available Gradle versions] INFO  o.e.b.c.i.u.g.PublishedGradleVersions - Gradle version information cache is out-of-date. Trying to update.
2025-12-30 13:50:12,981 [Worker-6: Loading available Gradle versions] INFO  o.e.b.c.i.u.g.PublishedGradleVersions - Updating Gradle version information cache failed. Using outdated cache.
2025-12-30 16:37:10,004 [Worker-5: Loading available Gradle versions] INFO  o.e.b.c.i.u.g.PublishedGradleVersions - Gradle version information cache is out-of-date. Trying to update.
2025-12-30 16:37:11,156 [Worker-5: Loading available Gradle versions] INFO  o.e.b.c.i.u.g.PublishedGradleVersions - Updating Gradle version information cache failed. Using outdated cache.
2026-01-01 14:32:41,488 [Worker-5: Loading available Gradle versions] INFO  o.e.b.c.i.u.g.PublishedGradleVersions - Gradle version information cache is out-of-date. Trying to update.
2026-01-01 14:32:42,651 [Worker-5: Loading available Gradle versions] INFO  o.e.b.c.i.u.g.PublishedGradleVersions - Updating Gradle version information cache failed. Using outdated cache.
2026-01-01 18:08:44,280 [Worker-4: Loading available Gradle versions] INFO  o.e.b.c.i.u.g.PublishedGradleVersions - Gradle version information cache is out-of-date. Trying to update.
2026-01-01 18:08:45,614 [Worker-4: Loading available Gradle versions] INFO  o.e.b.c.i.u.g.PublishedGradleVersions - Updating Gradle version information cache failed. Using outdated cache.
2026-01-02 15:43:03,863 [Worker-2: Loading available Gradle versions] INFO  o.e.b.c.i.u.g.PublishedGradleVersions - Gradle version information cache is up-to-date. Trying to read.
2026-01-03 13:59:42,887 [Worker-7: Loading available Gradle versions] INFO  o.e.b.c.i.u.g.PublishedGradleVersions - Gradle version information cache is up-to-date. Trying to read.
2026-01-03 17:02:06,574 [Worker-8: Loading available Gradle versions] INFO  o.e.b.c.i.u.g.PublishedGradleVersions - Gradle version information cache is out-of-date. Trying to update.
2026-01-03 17:02:07,952 [Worker-8: Loading available Gradle versions] INFO  o.e.b.c.i.u.g.PublishedGradleVersions - Updating Gradle version information cache failed. Using outdated cache.
2026-01-07 12:55:00,426 [Worker-3: Loading available Gradle versions] INFO  o.e.b.c.i.u.g.PublishedGradleVersions - Gradle version information cache is out-of-date. Trying to update.
2026-01-07 12:55:01,401 [Worker-3: Loading available Gradle versions] INFO  o.e.b.c.i.u.g.PublishedGradleVersions - Updating Gradle version information cache failed. Using outdated cache.
2026-01-08 15:43:35,796 [Worker-7: Loading available Gradle versions] INFO  o.e.b.c.i.u.g.PublishedGradleVersions - Gradle version information cache is out-of-date. Trying to update.
2026-01-09 12:46:19,106 [Worker-1: Loading available Gradle versions] INFO  o.e.b.c.i.u.g.PublishedGradleVersions - Gradle version information cache is up-to-date. Trying to read.
2026-01-09 16:29:11,453 [Worker-5: Loading available Gradle versions] INFO  o.e.b.c.i.u.g.PublishedGradleVersions - Gradle version information cache is out-of-date. Trying to update.
2026-01-09 16:29:20,123 [Worker-3: Deferred Early Start] INFO  o.a.h.c.h.i.c.HttpRequestRetryExec - Recoverable I/O exception (java.net.SocketException) caught when processing request to {s}->https://www.eclipse.org:443
2026-01-10 12:42:48,682 [Worker-7: Loading available Gradle versions] INFO  o.e.b.c.i.u.g.PublishedGradleVersions - Gradle version information cache is up-to-date. Trying to read.
2026-01-10 12:52:56,063 [Worker-19: Launching mavenrun-cd6f15c2-f87d-4901-8097-0f15e7978301] INFO  o.eclipse.m2e.core.internal.Bundles - getClasspathEntries(Bundle=org.eclipse.m2e.maven.runtime_3.9.900.20240824-1409 [642])
2026-01-10 12:52:56,068 [Worker-19: Launching mavenrun-cd6f15c2-f87d-4901-8097-0f15e7978301] INFO  o.eclipse.m2e.core.internal.Bundles - 	Entry: C:\Users\shail\.p2\pool\plugins\org.eclipse.m2e.maven.runtime_3.9.900.20240824-1409
2026-01-10 12:52:56,068 [Worker-19: Launching mavenrun-cd6f15c2-f87d-4901-8097-0f15e7978301] INFO  o.eclipse.m2e.core.internal.Bundles - 	Entry: C:\Users\shail\.p2\pool\plugins\org.eclipse.m2e.maven.runtime_3.9.900.20240824-1409\jars\aopalliance-1.0.jar
2026-01-10 12:52:56,069 [Worker-19: Launching mavenrun-cd6f15c2-f87d-4901-8097-0f15e7978301] INFO  o.eclipse.m2e.core.internal.Bundles - 	Entry: C:\Users\shail\.p2\pool\plugins\org.eclipse.m2e.maven.runtime_3.9.900.20240824-1409\jars\guice-5.1.0.jar
2026-01-10 12:52:56,069 [Worker-19: Launching mavenrun-cd6f15c2-f87d-4901-8097-0f15e7978301] INFO  o.eclipse.m2e.core.internal.Bundles - 	Entry: C:\Users\shail\.p2\pool\plugins\org.eclipse.m2e.maven.runtime_3.9.900.20240824-1409\jars\httpclient-4.5.14.jar
2026-01-10 12:52:56,069 [Worker-19: Launching mavenrun-cd6f15c2-f87d-4901-8097-0f15e7978301] INFO  o.eclipse.m2e.core.internal.Bundles - 	Entry: C:\Users\shail\.p2\pool\plugins\org.eclipse.m2e.maven.runtime_3.9.900.20240824-1409\jars\httpcore-4.4.16.jar
2026-01-10 12:52:56,069 [Worker-19: Launching mavenrun-cd6f15c2-f87d-4901-8097-0f15e7978301] INFO  o.eclipse.m2e.core.internal.Bundles - 	Entry: C:\Users\shail\.p2\pool\plugins\org.eclipse.m2e.maven.runtime_3.9.900.20240824-1409\jars\jansi-2.4.1.jar
2026-01-10 12:52:56,069 [Worker-19: Launching mavenrun-cd6f15c2-f87d-4901-8097-0f15e7978301] INFO  o.eclipse.m2e.core.internal.Bundles - 	Entry: C:\Users\shail\.p2\pool\plugins\org.eclipse.m2e.maven.runtime_3.9.900.20240824-1409\jars\jcl-over-slf4j-1.7.36.jar
2026-01-10 12:52:56,069 [Worker-19: Launching mavenrun-cd6f15c2-f87d-4901-8097-0f15e7978301] INFO  o.eclipse.m2e.core.internal.Bundles - 	Entry: C:\Users\shail\.p2\pool\plugins\org.eclipse.m2e.maven.runtime_3.9.900.20240824-1409\jars\maven-artifact-3.9.9.jar
2026-01-10 12:52:56,069 [Worker-19: Launching mavenrun-cd6f15c2-f87d-4901-8097-0f15e7978301] INFO  o.eclipse.m2e.core.internal.Bundles - 	Entry: C:\Users\shail\.p2\pool\plugins\org.eclipse.m2e.maven.runtime_3.9.900.20240824-1409\jars\maven-builder-support-3.9.9.jar
2026-01-10 12:52:56,069 [Worker-19: Launching mavenrun-cd6f15c2-f87d-4901-8097-0f15e7978301] INFO  o.eclipse.m2e.core.internal.Bundles - 	Entry: C:\Users\shail\.p2\pool\plugins\org.eclipse.m2e.maven.runtime_3.9.900.20240824-1409\jars\maven-compat-3.9.9.jar
2026-01-10 12:52:56,069 [Worker-19: Launching mavenrun-cd6f15c2-f87d-4901-8097-0f15e7978301] INFO  o.eclipse.m2e.core.internal.Bundles - 	Entry: C:\Users\shail\.p2\pool\plugins\org.eclipse.m2e.maven.runtime_3.9.900.20240824-1409\jars\maven-core-3.9.9.jar
2026-01-10 12:52:56,070 [Worker-19: Launching mavenrun-cd6f15c2-f87d-4901-8097-0f15e7978301] INFO  o.eclipse.m2e.core.internal.Bundles - 	Entry: C:\Users\shail\.p2\pool\plugins\org.eclipse.m2e.maven.runtime_3.9.900.20240824-1409\jars\maven-embedder-3.9.9.jar
2026-01-10 12:52:56,070 [Worker-19: Launching mavenrun-cd6f15c2-f87d-4901-8097-0f15e7978301] INFO  o.eclipse.m2e.core.internal.Bundles - 	Entry: C:\Users\shail\.p2\pool\plugins\org.eclipse.m2e.maven.runtime_3.9.900.20240824-1409\jars\maven-model-3.9.9.jar
2026-01-10 12:52:56,070 [Worker-19: Launching mavenrun-cd6f15c2-f87d-4901-8097-0f15e7978301] INFO  o.eclipse.m2e.core.internal.Bundles - 	Entry: C:\Users\shail\.p2\pool\plugins\org.eclipse.m2e.maven.runtime_3.9.900.20240824-1409\jars\maven-model-builder-3.9.9.jar
2026-01-10 12:52:56,070 [Worker-19: Launching mavenrun-cd6f15c2-f87d-4901-8097-0f15e7978301] INFO  o.eclipse.m2e.core.internal.Bundles - 	Entry: C:\Users\shail\.p2\pool\plugins\org.eclipse.m2e.maven.runtime_3.9.900.20240824-1409\jars\maven-plugin-api-3.9.9.jar
2026-01-10 12:52:56,070 [Worker-19: Launching mavenrun-cd6f15c2-f87d-4901-8097-0f15e7978301] INFO  o.eclipse.m2e.core.internal.Bundles - 	Entry: C:\Users\shail\.p2\pool\plugins\org.eclipse.m2e.maven.runtime_3.9.900.20240824-1409\jars\maven-repository-metadata-3.9.9.jar
2026-01-10 12:52:56,070 [Worker-19: Launching mavenrun-cd6f15c2-f87d-4901-8097-0f15e7978301] INFO  o.eclipse.m2e.core.internal.Bundles - 	Entry: C:\Users\shail\.p2\pool\plugins\org.eclipse.m2e.maven.runtime_3.9.900.20240824-1409\jars\maven-resolver-api-1.9.22.jar
2026-01-10 12:52:56,070 [Worker-19: Launching mavenrun-cd6f15c2-f87d-4901-8097-0f15e7978301] INFO  o.eclipse.m2e.core.internal.Bundles - 	Entry: C:\Users\shail\.p2\pool\plugins\org.eclipse.m2e.maven.runtime_3.9.900.20240824-1409\jars\maven-resolver-connector-basic-1.9.22.jar
2026-01-10 12:52:56,071 [Worker-19: Launching mavenrun-cd6f15c2-f87d-4901-8097-0f15e7978301] INFO  o.eclipse.m2e.core.internal.Bundles - 	Entry: C:\Users\shail\.p2\pool\plugins\org.eclipse.m2e.maven.runtime_3.9.900.20240824-1409\jars\maven-resolver-impl-1.9.22.jar
2026-01-10 12:52:56,072 [Worker-19: Launching mavenrun-cd6f15c2-f87d-4901-8097-0f15e7978301] INFO  o.eclipse.m2e.core.internal.Bundles - 	Entry: C:\Users\shail\.p2\pool\plugins\org.eclipse.m2e.maven.runtime_3.9.900.20240824-1409\jars\maven-resolver-named-locks-1.9.22.jar
2026-01-10 12:52:56,072 [Worker-19: Launching mavenrun-cd6f15c2-f87d-4901-8097-0f15e7978301] INFO  o.eclipse.m2e.core.internal.Bundles - 	Entry: C:\Users\shail\.p2\pool\plugins\org.eclipse.m2e.maven.runtime_3.9.900.20240824-1409\jars\maven-resolver-provider-3.9.9.jar
2026-01-10 12:52:56,072 [Worker-19: Launching mavenrun-cd6f15c2-f87d-4901-8097-0f15e7978301] INFO  o.eclipse.m2e.core.internal.Bundles - 	Entry: C:\Users\shail\.p2\pool\plugins\org.eclipse.m2e.maven.runtime_3.9.900.20240824-1409\jars\maven-resolver-spi-1.9.22.jar
2026-01-10 12:52:56,072 [Worker-19: Launching mavenrun-cd6f15c2-f87d-4901-8097-0f15e7978301] INFO  o.eclipse.m2e.core.internal.Bundles - 	Entry: C:\Users\shail\.p2\pool\plugins\org.eclipse.m2e.maven.runtime_3.9.900.20240824-1409\jars\maven-resolver-transport-file-1.9.22.jar
2026-01-10 12:52:56,072 [Worker-19: Launching mavenrun-cd6f15c2-f87d-4901-8097-0f15e7978301] INFO  o.eclipse.m2e.core.internal.Bundles - 	Entry: C:\Users\shail\.p2\pool\plugins\org.eclipse.m2e.maven.runtime_3.9.900.20240824-1409\jars\maven-resolver-transport-http-1.9.22.jar
2026-01-10 12:52:56,072 [Worker-19: Launching mavenrun-cd6f15c2-f87d-4901-8097-0f15e7978301] INFO  o.eclipse.m2e.core.internal.Bundles - 	Entry: C:\Users\shail\.p2\pool\plugins\org.eclipse.m2e.maven.runtime_3.9.900.20240824-1409\jars\maven-resolver-transport-wagon-1.9.22.jar
2026-01-10 12:52:56,072 [Worker-19: Launching mavenrun-cd6f15c2-f87d-4901-8097-0f15e7978301] INFO  o.eclipse.m2e.core.internal.Bundles - 	Entry: C:\Users\shail\.p2\pool\plugins\org.eclipse.m2e.maven.runtime_3.9.900.20240824-1409\jars\maven-resolver-util-1.9.22.jar
2026-01-10 12:52:56,072 [Worker-19: Launching mavenrun-cd6f15c2-f87d-4901-8097-0f15e7978301] INFO  o.eclipse.m2e.core.internal.Bundles - 	Entry: C:\Users\shail\.p2\pool\plugins\org.eclipse.m2e.maven.runtime_3.9.900.20240824-1409\jars\maven-settings-3.9.9.jar
2026-01-10 12:52:56,073 [Worker-19: Launching mavenrun-cd6f15c2-f87d-4901-8097-0f15e7978301] INFO  o.eclipse.m2e.core.internal.Bundles - 	Entry: C:\Users\shail\.p2\pool\plugins\org.eclipse.m2e.maven.runtime_3.9.900.20240824-1409\jars\maven-settings-builder-3.9.9.jar
2026-01-10 12:52:56,073 [Worker-19: Launching mavenrun-cd6f15c2-f87d-4901-8097-0f15e7978301] INFO  o.eclipse.m2e.core.internal.Bundles - 	Entry: C:\Users\shail\.p2\pool\plugins\org.eclipse.m2e.maven.runtime_3.9.900.20240824-1409\jars\maven-shared-utils-3.4.2.jar
2026-01-10 12:52:56,073 [Worker-19: Launching mavenrun-cd6f15c2-f87d-4901-8097-0f15e7978301] INFO  o.eclipse.m2e.core.internal.Bundles - 	Entry: C:\Users\shail\.p2\pool\plugins\org.eclipse.m2e.maven.runtime_3.9.900.20240824-1409\jars\org.eclipse.sisu.inject-0.9.0.M3.jar
2026-01-10 12:52:56,074 [Worker-19: Launching mavenrun-cd6f15c2-f87d-4901-8097-0f15e7978301] INFO  o.eclipse.m2e.core.internal.Bundles - 	Entry: C:\Users\shail\.p2\pool\plugins\org.eclipse.m2e.maven.runtime_3.9.900.20240824-1409\jars\org.eclipse.sisu.plexus-0.9.0.M3.jar
2026-01-10 12:52:56,074 [Worker-19: Launching mavenrun-cd6f15c2-f87d-4901-8097-0f15e7978301] INFO  o.eclipse.m2e.core.internal.Bundles - 	Entry: C:\Users\shail\.p2\pool\plugins\org.eclipse.m2e.maven.runtime_3.9.900.20240824-1409\jars\plexus-build-api-0.0.7.jar
2026-01-10 12:52:56,074 [Worker-19: Launching mavenrun-cd6f15c2-f87d-4901-8097-0f15e7978301] INFO  o.eclipse.m2e.core.internal.Bundles - 	Entry: C:\Users\shail\.p2\pool\plugins\org.eclipse.m2e.maven.runtime_3.9.900.20240824-1409\jars\plexus-build-api-1.2.0.jar
2026-01-10 12:52:56,074 [Worker-19: Launching mavenrun-cd6f15c2-f87d-4901-8097-0f15e7978301] INFO  o.eclipse.m2e.core.internal.Bundles - 	Entry: C:\Users\shail\.p2\pool\plugins\org.eclipse.m2e.maven.runtime_3.9.900.20240824-1409\jars\plexus-cipher-2.0.jar
2026-01-10 12:52:56,074 [Worker-19: Launching mavenrun-cd6f15c2-f87d-4901-8097-0f15e7978301] INFO  o.eclipse.m2e.core.internal.Bundles - 	Entry: C:\Users\shail\.p2\pool\plugins\org.eclipse.m2e.maven.runtime_3.9.900.20240824-1409\jars\plexus-classworlds-2.8.0.jar
2026-01-10 12:52:56,077 [Worker-19: Launching mavenrun-cd6f15c2-f87d-4901-8097-0f15e7978301] INFO  o.eclipse.m2e.core.internal.Bundles - 	Entry: C:\Users\shail\.p2\pool\plugins\org.eclipse.m2e.maven.runtime_3.9.900.20240824-1409\jars\plexus-component-annotations-2.1.0.jar
2026-01-10 12:52:56,078 [Worker-19: Launching mavenrun-cd6f15c2-f87d-4901-8097-0f15e7978301] INFO  o.eclipse.m2e.core.internal.Bundles - 	Entry: C:\Users\shail\.p2\pool\plugins\org.eclipse.m2e.maven.runtime_3.9.900.20240824-1409\jars\plexus-interpolation-1.27.jar
2026-01-10 12:52:56,078 [Worker-19: Launching mavenrun-cd6f15c2-f87d-4901-8097-0f15e7978301] INFO  o.eclipse.m2e.core.internal.Bundles - 	Entry: C:\Users\shail\.p2\pool\plugins\org.eclipse.m2e.maven.runtime_3.9.900.20240824-1409\jars\plexus-sec-dispatcher-2.0.jar
2026-01-10 12:52:56,079 [Worker-19: Launching mavenrun-cd6f15c2-f87d-4901-8097-0f15e7978301] INFO  o.eclipse.m2e.core.internal.Bundles - 	Entry: C:\Users\shail\.p2\pool\plugins\org.eclipse.m2e.maven.runtime_3.9.900.20240824-1409\jars\plexus-utils-3.5.1.jar
2026-01-10 12:52:56,079 [Worker-19: Launching mavenrun-cd6f15c2-f87d-4901-8097-0f15e7978301] INFO  o.eclipse.m2e.core.internal.Bundles - 	Entry: C:\Users\shail\.p2\pool\plugins\org.eclipse.m2e.maven.runtime_3.9.900.20240824-1409\jars\plexus-xml-3.0.1.jar
2026-01-10 12:52:56,079 [Worker-19: Launching mavenrun-cd6f15c2-f87d-4901-8097-0f15e7978301] INFO  o.eclipse.m2e.core.internal.Bundles - 	Entry: C:\Users\shail\.p2\pool\plugins\org.eclipse.m2e.maven.runtime_3.9.900.20240824-1409\jars\wagon-file-3.5.3.jar
2026-01-10 12:52:56,079 [Worker-19: Launching mavenrun-cd6f15c2-f87d-4901-8097-0f15e7978301] INFO  o.eclipse.m2e.core.internal.Bundles - 	Entry: C:\Users\shail\.p2\pool\plugins\org.eclipse.m2e.maven.runtime_3.9.900.20240824-1409\jars\wagon-http-3.5.3.jar
2026-01-10 12:52:56,079 [Worker-19: Launching mavenrun-cd6f15c2-f87d-4901-8097-0f15e7978301] INFO  o.eclipse.m2e.core.internal.Bundles - 	Entry: C:\Users\shail\.p2\pool\plugins\org.eclipse.m2e.maven.runtime_3.9.900.20240824-1409\jars\wagon-http-shared-3.5.3.jar
2026-01-10 12:52:56,079 [Worker-19: Launching mavenrun-cd6f15c2-f87d-4901-8097-0f15e7978301] INFO  o.eclipse.m2e.core.internal.Bundles - 	Entry: C:\Users\shail\.p2\pool\plugins\org.eclipse.m2e.maven.runtime_3.9.900.20240824-1409\jars\wagon-provider-api-3.5.3.jar
2026-01-10 12:52:56,081 [Worker-19: Launching mavenrun-cd6f15c2-f87d-4901-8097-0f15e7978301] INFO  o.eclipse.m2e.core.internal.Bundles - getClasspathEntries(Bundle=com.google.guava_33.3.0.jre [16])
2026-01-10 12:52:56,082 [Worker-19: Launching mavenrun-cd6f15c2-f87d-4901-8097-0f15e7978301] INFO  o.eclipse.m2e.core.internal.Bundles - 	Entry: C:\Users\shail\.p2\pool\plugins\com.google.guava_33.3.0.jre.jar
2026-01-10 12:52:56,082 [Worker-19: Launching mavenrun-cd6f15c2-f87d-4901-8097-0f15e7978301] INFO  o.eclipse.m2e.core.internal.Bundles - getClasspathEntries(Bundle=slf4j.api_2.0.16 [1007])
2026-01-10 12:52:56,082 [Worker-19: Launching mavenrun-cd6f15c2-f87d-4901-8097-0f15e7978301] INFO  o.eclipse.m2e.core.internal.Bundles - 	Entry: C:\Users\shail\.p2\pool\plugins\slf4j.api_2.0.16.jar
2026-01-10 12:52:56,082 [Worker-19: Launching mavenrun-cd6f15c2-f87d-4901-8097-0f15e7978301] INFO  o.eclipse.m2e.core.internal.Bundles - getClasspathEntries(Bundle=jakarta.inject.jakarta.inject-api_1.0.5 [34])
2026-01-10 12:52:56,083 [Worker-19: Launching mavenrun-cd6f15c2-f87d-4901-8097-0f15e7978301] INFO  o.eclipse.m2e.core.internal.Bundles - 	Entry: C:\Users\shail\.p2\pool\plugins\jakarta.inject.jakarta.inject-api_1.0.5.jar
2026-01-10 12:52:56,083 [Worker-19: Launching mavenrun-cd6f15c2-f87d-4901-8097-0f15e7978301] INFO  o.eclipse.m2e.core.internal.Bundles - getClasspathEntries(Bundle=jakarta.annotation-api_1.3.5 [29])
2026-01-10 12:52:56,083 [Worker-19: Launching mavenrun-cd6f15c2-f87d-4901-8097-0f15e7978301] INFO  o.eclipse.m2e.core.internal.Bundles - 	Entry: C:\Users\shail\.p2\pool\plugins\jakarta.annotation-api_1.3.5.jar
2026-01-10 12:52:56,083 [Worker-19: Launching mavenrun-cd6f15c2-f87d-4901-8097-0f15e7978301] INFO  o.eclipse.m2e.core.internal.Bundles - getClasspathEntries(Bundle=org.apache.commons.cli_1.9.0 [78])
2026-01-10 12:52:56,083 [Worker-19: Launching mavenrun-cd6f15c2-f87d-4901-8097-0f15e7978301] INFO  o.eclipse.m2e.core.internal.Bundles - 	Entry: C:\Users\shail\.p2\pool\plugins\org.apache.commons.cli_1.9.0.jar
2026-01-10 12:52:56,083 [Worker-19: Launching mavenrun-cd6f15c2-f87d-4901-8097-0f15e7978301] INFO  o.eclipse.m2e.core.internal.Bundles - getClasspathEntries(Bundle=org.apache.commons.commons-codec_1.16.0 [81])
2026-01-10 12:52:56,083 [Worker-19: Launching mavenrun-cd6f15c2-f87d-4901-8097-0f15e7978301] INFO  o.eclipse.m2e.core.internal.Bundles - 	Entry: C:\Users\shail\.p2\pool\plugins\org.apache.commons.commons-codec_1.16.0.jar
2026-01-10 12:52:56,083 [Worker-19: Launching mavenrun-cd6f15c2-f87d-4901-8097-0f15e7978301] INFO  o.eclipse.m2e.core.internal.Bundles - getClasspathEntries(Bundle=com.google.guava.failureaccess_1.0.2 [17])
2026-01-10 12:52:56,083 [Worker-19: Launching mavenrun-cd6f15c2-f87d-4901-8097-0f15e7978301] INFO  o.eclipse.m2e.core.internal.Bundles - 	Entry: C:\Users\shail\.p2\pool\plugins\com.google.guava.failureaccess_1.0.2.jar
2026-01-10 12:52:56,096 [Worker-19: Launching mavenrun-cd6f15c2-f87d-4901-8097-0f15e7978301] INFO  o.e.m.i.launch.MavenLaunchDelegate - Run build in "C:\Users\shail\AppData\Local\Temp\m2e-archetypeGenerator8579552260936079297":
2026-01-10 12:52:56,102 [Worker-19: Launching mavenrun-cd6f15c2-f87d-4901-8097-0f15e7978301] INFO  o.e.m.i.launch.MavenLaunchDelegate -  mvn  -DarchetypeGroupId=org.apache.maven.archetypes -DarchetypeArtifactId=maven-archetype-quickstart -DarchetypeVersion=1.1 -DgroupId=in.sp -DartifactId=MavenFirstProject -Dversion=0.0.1-SNAPSHOT -Dpackage=in.sp.main -DoutputDirectory="C:\Users\shail\OneDrive\Desktop\Spring one\practice1" -Dstyle.color=always -U archetype:generate
2026-01-10 12:58:45,175 [Worker-17: Creating maven-archetype-quickstart] INFO  o.e.m.c.i.p.ProjectConfigurationManager - Collecting project info '/pom.xml' C:\Users\shail\OneDrive\Desktop\Spring one\practice1\MavenFirstProject\pom.xml
2026-01-10 12:58:45,912 [Worker-17: Creating maven-archetype-quickstart] INFO  o.e.m.c.i.l.LifecycleMappingFactory - Using org.eclipse.m2e.jdt.JarLifecycleMapping lifecycle mapping for MavenProject: in.sp:MavenFirstProject:0.0.1-SNAPSHOT @ C:\Users\shail\OneDrive\Desktop\Spring one\practice1\MavenFirstProject\pom.xml.
2026-01-10 12:58:46,633 [Worker-17: Creating maven-archetype-quickstart] INFO  o.e.m.j.i.AbstractJavaProjectConfigurator - Adding source folder /MavenFirstProject/src/main/java
2026-01-10 12:58:46,636 [Worker-17: Creating maven-archetype-quickstart] INFO  o.e.m.j.i.AbstractJavaProjectConfigurator - Adding resource folder /MavenFirstProject/src/main/resources
2026-01-10 12:58:46,641 [Worker-17: Creating maven-archetype-quickstart] INFO  o.e.m.j.i.AbstractJavaProjectConfigurator - Adding source folder /MavenFirstProject/src/test/java
2026-01-10 12:58:46,642 [Worker-17: Creating maven-archetype-quickstart] INFO  o.e.m.j.i.AbstractJavaProjectConfigurator - Adding resource folder /MavenFirstProject/src/test/resources
2026-01-10 12:58:46,845 [Worker-17: Creating maven-archetype-quickstart] INFO  o.e.m.c.i.p.ProjectConfigurationManager - Imported and configured 1 project(s) in 1 sec
2026-01-10 12:58:48,144 [Worker-21: Building] INFO  o.a.m.s.f.DefaultMavenResourcesFiltering - skip non existing resourceDirectory C:\Users\shail\OneDrive\Desktop\Spring one\practice1\MavenFirstProject\src\main\resources
2026-01-10 12:58:48,151 [Worker-21: Building] INFO  o.a.m.s.f.DefaultMavenResourcesFiltering - skip non existing resourceDirectory C:\Users\shail\OneDrive\Desktop\Spring one\practice1\MavenFirstProject\src\test\resources
2026-01-10 13:19:12,117 [Worker-34: Building] INFO  o.a.m.s.f.DefaultMavenResourcesFiltering - skip non existing resourceDirectory C:\Users\shail\OneDrive\Desktop\Spring one\practice1\MavenFirstProject\src\main\resources
2026-01-10 13:19:12,133 [Worker-34: Building] INFO  o.a.m.s.f.DefaultMavenResourcesFiltering - skip non existing resourceDirectory C:\Users\shail\OneDrive\Desktop\Spring one\practice1\MavenFirstProject\src\test\resources
2026-01-10 13:22:32,963 [Worker-40: Building] INFO  o.a.m.s.f.DefaultMavenResourcesFiltering - skip non existing resourceDirectory C:\Users\shail\OneDrive\Desktop\Spring one\practice1\MavenFirstProject\src\main\resources
2026-01-10 13:22:32,966 [Worker-40: Building] INFO  o.a.m.s.f.DefaultMavenResourcesFiltering - skip non existing resourceDirectory C:\Users\shail\OneDrive\Desktop\Spring one\practice1\MavenFirstProject\src\test\resources
2026-01-10 13:23:36,449 [Worker-39: Building] INFO  o.a.m.s.f.DefaultMavenResourcesFiltering - skip non existing resourceDirectory C:\Users\shail\OneDrive\Desktop\Spring one\practice1\MavenFirstProject\src\main\resources
2026-01-10 13:23:36,452 [Worker-39: Building] INFO  o.a.m.s.f.DefaultMavenResourcesFiltering - skip non existing resourceDirectory C:\Users\shail\OneDrive\Desktop\Spring one\practice1\MavenFirstProject\src\test\resources
2026-01-10 13:39:50,892 [Worker-40: Building] INFO  o.e.m.c.i.l.LifecycleMappingFactory - Using org.eclipse.m2e.jdt.JarLifecycleMapping lifecycle mapping for MavenProject: in.sp:MavenFirstProject:0.0.1-SNAPSHOT @ C:\Users\shail\OneDrive\Desktop\Spring one\practice1\MavenFirstProject\pom.xml.
2026-01-10 13:39:53,087 [Worker-40: Building] INFO  o.e.m.c.i.e.AbstractTransferListenerAdapter - Downloading https://repo.maven.apache.org/maven2/org/springframework/spring-context/7.0.2/spring-context-7.0.2.pom
2026-01-10 13:39:53,141 [Worker-40: Building] INFO  o.e.m.c.i.e.AbstractTransferListenerAdapter - Downloaded https://repo.maven.apache.org/maven2/org/springframework/spring-context/7.0.2/spring-context-7.0.2.pom
2026-01-10 13:39:53,558 [Worker-40: Building] INFO  o.e.m.c.i.e.AbstractTransferListenerAdapter - Downloading https://repo.maven.apache.org/maven2/org/springframework/spring-aop/7.0.2/spring-aop-7.0.2.pom
2026-01-10 13:39:53,600 [Worker-40: Building] INFO  o.e.m.c.i.e.AbstractTransferListenerAdapter - Downloaded https://repo.maven.apache.org/maven2/org/springframework/spring-aop/7.0.2/spring-aop-7.0.2.pom
2026-01-10 13:39:56,375 [Worker-40: Building] INFO  o.e.m.c.i.e.AbstractTransferListenerAdapter - Downloading https://repo.maven.apache.org/maven2/org/springframework/spring-beans/7.0.2/spring-beans-7.0.2.pom
2026-01-10 13:39:56,386 [Worker-40: Building] INFO  o.e.m.c.i.e.AbstractTransferListenerAdapter - Downloaded https://repo.maven.apache.org/maven2/org/springframework/spring-beans/7.0.2/spring-beans-7.0.2.pom
2026-01-10 13:39:56,463 [Worker-40: Building] INFO  o.e.m.c.i.e.AbstractTransferListenerAdapter - Downloading https://repo.maven.apache.org/maven2/org/springframework/spring-core/7.0.2/spring-core-7.0.2.pom
2026-01-10 13:39:56,472 [Worker-40: Building] INFO  o.e.m.c.i.e.AbstractTransferListenerAdapter - Downloaded https://repo.maven.apache.org/maven2/org/springframework/spring-core/7.0.2/spring-core-7.0.2.pom
2026-01-10 13:39:56,562 [Worker-40: Building] INFO  o.e.m.c.i.e.AbstractTransferListenerAdapter - Downloading https://repo.maven.apache.org/maven2/commons-logging/commons-logging/1.3.5/commons-logging-1.3.5.pom
2026-01-10 13:39:56,576 [Worker-40: Building] INFO  o.e.m.c.i.e.AbstractTransferListenerAdapter - Downloaded https://repo.maven.apache.org/maven2/commons-logging/commons-logging/1.3.5/commons-logging-1.3.5.pom
2026-01-10 13:39:56,653 [Worker-40: Building] INFO  o.e.m.c.i.e.AbstractTransferListenerAdapter - Downloading https://repo.maven.apache.org/maven2/org/apache/commons/commons-parent/81/commons-parent-81.pom
2026-01-10 13:39:56,673 [Worker-40: Building] INFO  o.e.m.c.i.e.AbstractTransferListenerAdapter - Downloaded https://repo.maven.apache.org/maven2/org/apache/commons/commons-parent/81/commons-parent-81.pom
2026-01-10 13:39:56,770 [Worker-40: Building] INFO  o.e.m.c.i.e.AbstractTransferListenerAdapter - Downloading https://repo.maven.apache.org/maven2/org/springframework/spring-expression/7.0.2/spring-expression-7.0.2.pom
2026-01-10 13:39:56,777 [Worker-40: Building] INFO  o.e.m.c.i.e.AbstractTransferListenerAdapter - Downloaded https://repo.maven.apache.org/maven2/org/springframework/spring-expression/7.0.2/spring-expression-7.0.2.pom
2026-01-10 13:39:56,865 [Worker-40: Building] INFO  o.e.m.c.i.e.AbstractTransferListenerAdapter - Downloading https://repo.maven.apache.org/maven2/io/micrometer/micrometer-observation/1.16.1/micrometer-observation-1.16.1.pom
2026-01-10 13:39:56,874 [Worker-40: Building] INFO  o.e.m.c.i.e.AbstractTransferListenerAdapter - Downloaded https://repo.maven.apache.org/maven2/io/micrometer/micrometer-observation/1.16.1/micrometer-observation-1.16.1.pom
2026-01-10 13:39:56,950 [Worker-40: Building] INFO  o.e.m.c.i.e.AbstractTransferListenerAdapter - Downloading https://repo.maven.apache.org/maven2/io/micrometer/micrometer-commons/1.16.1/micrometer-commons-1.16.1.pom
2026-01-10 13:39:56,956 [Worker-40: Building] INFO  o.e.m.c.i.e.AbstractTransferListenerAdapter - Downloaded https://repo.maven.apache.org/maven2/io/micrometer/micrometer-commons/1.16.1/micrometer-commons-1.16.1.pom
2026-01-10 13:39:57,068 [Worker-40: Building] INFO  o.e.m.c.i.e.AbstractTransferListenerAdapter - Downloading https://repo.maven.apache.org/maven2/org/springframework/spring-context/7.0.2/spring-context-7.0.2.jar
2026-01-10 13:39:57,681 [Worker-40: Building] INFO  o.e.m.c.i.e.AbstractTransferListenerAdapter - Downloaded https://repo.maven.apache.org/maven2/org/springframework/spring-context/7.0.2/spring-context-7.0.2.jar
2026-01-10 13:39:57,754 [BasicRepositoryConnector-repo.maven.apache.org-0-1] INFO  o.e.m.c.i.e.AbstractTransferListenerAdapter - Downloading https://repo.maven.apache.org/maven2/org/springframework/spring-beans/7.0.2/spring-beans-7.0.2.jar
2026-01-10 13:39:57,976 [BasicRepositoryConnector-repo.maven.apache.org-0-0] INFO  o.e.m.c.i.e.AbstractTransferListenerAdapter - Downloading https://repo.maven.apache.org/maven2/org/springframework/spring-aop/7.0.2/spring-aop-7.0.2.jar
2026-01-10 13:39:57,980 [BasicRepositoryConnector-repo.maven.apache.org-0-4] INFO  o.e.m.c.i.e.AbstractTransferListenerAdapter - Downloading https://repo.maven.apache.org/maven2/org/springframework/spring-expression/7.0.2/spring-expression-7.0.2.jar
2026-01-10 13:39:57,990 [BasicRepositoryConnector-repo.maven.apache.org-0-1] INFO  o.e.m.c.i.e.AbstractTransferListenerAdapter - Downloaded https://repo.maven.apache.org/maven2/org/springframework/spring-beans/7.0.2/spring-beans-7.0.2.jar
2026-01-10 13:39:58,002 [BasicRepositoryConnector-repo.maven.apache.org-0-3] INFO  o.e.m.c.i.e.AbstractTransferListenerAdapter - Downloading https://repo.maven.apache.org/maven2/commons-logging/commons-logging/1.3.5/commons-logging-1.3.5.jar
2026-01-10 13:39:58,026 [BasicRepositoryConnector-repo.maven.apache.org-0-2] INFO  o.e.m.c.i.e.AbstractTransferListenerAdapter - Downloading https://repo.maven.apache.org/maven2/org/springframework/spring-core/7.0.2/spring-core-7.0.2.jar
2026-01-10 13:39:58,071 [BasicRepositoryConnector-repo.maven.apache.org-0-1] INFO  o.e.m.c.i.e.AbstractTransferListenerAdapter - Downloading https://repo.maven.apache.org/maven2/io/micrometer/micrometer-observation/1.16.1/micrometer-observation-1.16.1.jar
2026-01-10 13:39:58,097 [BasicRepositoryConnector-repo.maven.apache.org-0-3] INFO  o.e.m.c.i.e.AbstractTransferListenerAdapter - Downloaded https://repo.maven.apache.org/maven2/commons-logging/commons-logging/1.3.5/commons-logging-1.3.5.jar
2026-01-10 13:39:58,101 [BasicRepositoryConnector-repo.maven.apache.org-0-1] INFO  o.e.m.c.i.e.AbstractTransferListenerAdapter - Downloaded https://repo.maven.apache.org/maven2/io/micrometer/micrometer-observation/1.16.1/micrometer-observation-1.16.1.jar
2026-01-10 13:39:58,285 [BasicRepositoryConnector-repo.maven.apache.org-0-3] INFO  o.e.m.c.i.e.AbstractTransferListenerAdapter - Downloading https://repo.maven.apache.org/maven2/io/micrometer/micrometer-commons/1.16.1/micrometer-commons-1.16.1.jar
2026-01-10 13:39:58,288 [BasicRepositoryConnector-repo.maven.apache.org-0-0] INFO  o.e.m.c.i.e.AbstractTransferListenerAdapter - Downloaded https://repo.maven.apache.org/maven2/org/springframework/spring-aop/7.0.2/spring-aop-7.0.2.jar
2026-01-10 13:39:58,331 [BasicRepositoryConnector-repo.maven.apache.org-0-3] INFO  o.e.m.c.i.e.AbstractTransferListenerAdapter - Downloaded https://repo.maven.apache.org/maven2/io/micrometer/micrometer-commons/1.16.1/micrometer-commons-1.16.1.jar
2026-01-10 13:39:58,335 [BasicRepositoryConnector-repo.maven.apache.org-0-4] INFO  o.e.m.c.i.e.AbstractTransferListenerAdapter - Downloaded https://repo.maven.apache.org/maven2/org/springframework/spring-expression/7.0.2/spring-expression-7.0.2.jar
2026-01-10 13:39:58,833 [BasicRepositoryConnector-repo.maven.apache.org-0-2] INFO  o.e.m.c.i.e.AbstractTransferListenerAdapter - Downloaded https://repo.maven.apache.org/maven2/org/springframework/spring-core/7.0.2/spring-core-7.0.2.jar
2026-01-10 13:39:59,052 [Worker-40: Building] INFO  o.a.m.s.f.DefaultMavenResourcesFiltering - skip non existing resourceDirectory C:\Users\shail\OneDrive\Desktop\Spring one\practice1\MavenFirstProject\src\main\resources
2026-01-10 13:39:59,055 [Worker-40: Building] INFO  o.a.m.s.f.DefaultMavenResourcesFiltering - skip non existing resourceDirectory C:\Users\shail\OneDrive\Desktop\Spring one\practice1\MavenFirstProject\src\test\resources
2026-01-10 13:40:00,151 [Worker-40: Building] INFO  o.a.m.s.f.DefaultMavenResourcesFiltering - skip non existing resourceDirectory C:\Users\shail\OneDrive\Desktop\Spring one\practice1\MavenFirstProject\src\main\resources
2026-01-10 13:40:00,156 [Worker-40: Building] INFO  o.a.m.s.f.DefaultMavenResourcesFiltering - skip non existing resourceDirectory C:\Users\shail\OneDrive\Desktop\Spring one\practice1\MavenFirstProject\src\test\resources
2026-01-10 13:40:00,306 [Worker-44: Download sources and javadoc] INFO  o.e.m.c.i.e.AbstractTransferListenerAdapter - Downloading https://repo.maven.apache.org/maven2/org/springframework/spring-context/7.0.2/spring-context-7.0.2-sources.jar
2026-01-10 13:40:00,839 [Worker-44: Download sources and javadoc] INFO  o.e.m.c.i.e.AbstractTransferListenerAdapter - Downloaded https://repo.maven.apache.org/maven2/org/springframework/spring-context/7.0.2/spring-context-7.0.2-sources.jar
2026-01-10 13:40:00,845 [Worker-44: Download sources and javadoc] INFO  o.e.m.j.internal.DownloadSourcesJob - Downloaded sources for org.springframework:spring-context:7.0.2
2026-01-10 13:40:01,040 [Worker-44: Download sources and javadoc] INFO  o.e.m.c.i.e.AbstractTransferListenerAdapter - Downloading https://repo.maven.apache.org/maven2/org/springframework/spring-aop/7.0.2/spring-aop-7.0.2-sources.jar
2026-01-10 13:40:01,276 [Worker-44: Download sources and javadoc] INFO  o.e.m.c.i.e.AbstractTransferListenerAdapter - Downloaded https://repo.maven.apache.org/maven2/org/springframework/spring-aop/7.0.2/spring-aop-7.0.2-sources.jar
2026-01-10 13:40:01,283 [Worker-44: Download sources and javadoc] INFO  o.e.m.j.internal.DownloadSourcesJob - Downloaded sources for org.springframework:spring-aop:7.0.2
2026-01-10 13:40:01,491 [Worker-44: Download sources and javadoc] INFO  o.e.m.c.i.e.AbstractTransferListenerAdapter - Downloading https://repo.maven.apache.org/maven2/org/springframework/spring-beans/7.0.2/spring-beans-7.0.2-sources.jar
2026-01-10 13:40:01,846 [Worker-44: Download sources and javadoc] INFO  o.e.m.c.i.e.AbstractTransferListenerAdapter - Downloaded https://repo.maven.apache.org/maven2/org/springframework/spring-beans/7.0.2/spring-beans-7.0.2-sources.jar
2026-01-10 13:40:01,851 [Worker-44: Download sources and javadoc] INFO  o.e.m.j.internal.DownloadSourcesJob - Downloaded sources for org.springframework:spring-beans:7.0.2
2026-01-10 13:40:02,035 [Worker-44: Download sources and javadoc] INFO  o.e.m.c.i.e.AbstractTransferListenerAdapter - Downloading https://repo.maven.apache.org/maven2/org/springframework/spring-core/7.0.2/spring-core-7.0.2-sources.jar
2026-01-10 13:40:02,626 [Worker-44: Download sources and javadoc] INFO  o.e.m.c.i.e.AbstractTransferListenerAdapter - Downloaded https://repo.maven.apache.org/maven2/org/springframework/spring-core/7.0.2/spring-core-7.0.2-sources.jar
2026-01-10 13:40:02,634 [Worker-44: Download sources and javadoc] INFO  o.e.m.j.internal.DownloadSourcesJob - Downloaded sources for org.springframework:spring-core:7.0.2
2026-01-10 13:40:02,831 [Worker-44: Download sources and javadoc] INFO  o.e.m.c.i.e.AbstractTransferListenerAdapter - Downloading https://repo.maven.apache.org/maven2/commons-logging/commons-logging/1.3.5/commons-logging-1.3.5-sources.jar
2026-01-10 13:40:02,930 [Worker-44: Download sources and javadoc] INFO  o.e.m.c.i.e.AbstractTransferListenerAdapter - Downloaded https://repo.maven.apache.org/maven2/commons-logging/commons-logging/1.3.5/commons-logging-1.3.5-sources.jar
2026-01-10 13:40:02,936 [Worker-44: Download sources and javadoc] INFO  o.e.m.j.internal.DownloadSourcesJob - Downloaded sources for commons-logging:commons-logging:1.3.5
2026-01-10 13:40:03,106 [Worker-44: Download sources and javadoc] INFO  o.e.m.c.i.e.AbstractTransferListenerAdapter - Downloading https://repo.maven.apache.org/maven2/org/springframework/spring-expression/7.0.2/spring-expression-7.0.2-sources.jar
2026-01-10 13:40:03,277 [Worker-44: Download sources and javadoc] INFO  o.e.m.c.i.e.AbstractTransferListenerAdapter - Downloaded https://repo.maven.apache.org/maven2/org/springframework/spring-expression/7.0.2/spring-expression-7.0.2-sources.jar
2026-01-10 13:40:03,288 [Worker-44: Download sources and javadoc] INFO  o.e.m.j.internal.DownloadSourcesJob - Downloaded sources for org.springframework:spring-expression:7.0.2
2026-01-10 13:40:03,500 [Worker-44: Download sources and javadoc] INFO  o.e.m.c.i.e.AbstractTransferListenerAdapter - Downloading https://repo.maven.apache.org/maven2/io/micrometer/micrometer-observation/1.16.1/micrometer-observation-1.16.1-sources.jar
2026-01-10 13:40:03,512 [Worker-44: Download sources and javadoc] INFO  o.e.m.c.i.e.AbstractTransferListenerAdapter - Downloaded https://repo.maven.apache.org/maven2/io/micrometer/micrometer-observation/1.16.1/micrometer-observation-1.16.1-sources.jar
2026-01-10 13:40:03,518 [Worker-44: Download sources and javadoc] INFO  o.e.m.j.internal.DownloadSourcesJob - Downloaded sources for io.micrometer:micrometer-observation:1.16.1
2026-01-10 13:40:03,711 [Worker-44: Download sources and javadoc] INFO  o.e.m.c.i.e.AbstractTransferListenerAdapter - Downloading https://repo.maven.apache.org/maven2/io/micrometer/micrometer-commons/1.16.1/micrometer-commons-1.16.1-sources.jar
2026-01-10 13:40:03,774 [Worker-44: Download sources and javadoc] INFO  o.e.m.c.i.e.AbstractTransferListenerAdapter - Downloaded https://repo.maven.apache.org/maven2/io/micrometer/micrometer-commons/1.16.1/micrometer-commons-1.16.1-sources.jar
2026-01-10 13:40:03,779 [Worker-44: Download sources and javadoc] INFO  o.e.m.j.internal.DownloadSourcesJob - Downloaded sources for io.micrometer:micrometer-commons:1.16.1
2026-01-10 13:47:17,519 [Worker-40: Building] INFO  o.a.m.s.f.DefaultMavenResourcesFiltering - skip non existing resourceDirectory C:\Users\shail\OneDrive\Desktop\Spring one\practice1\MavenFirstProject\src\main\resources
2026-01-10 13:47:17,523 [Worker-40: Building] INFO  o.a.m.s.f.DefaultMavenResourcesFiltering - skip non existing resourceDirectory C:\Users\shail\OneDrive\Desktop\Spring one\practice1\MavenFirstProject\src\test\resources
2026-01-10 13:58:47,418 [Worker-50: Building] INFO  o.a.m.s.f.DefaultMavenResourcesFiltering - skip non existing resourceDirectory C:\Users\shail\OneDrive\Desktop\Spring one\practice1\MavenFirstProject\src\main\resources
2026-01-10 13:58:47,423 [Worker-50: Building] INFO  o.a.m.s.f.DefaultMavenResourcesFiltering - skip non existing resourceDirectory C:\Users\shail\OneDrive\Desktop\Spring one\practice1\MavenFirstProject\src\test\resources
2026-01-10 13:59:01,714 [Worker-50: Building] INFO  o.a.m.s.f.DefaultMavenResourcesFiltering - skip non existing resourceDirectory C:\Users\shail\OneDrive\Desktop\Spring one\practice1\MavenFirstProject\src\main\resources
2026-01-10 13:59:01,719 [Worker-50: Building] INFO  o.a.m.s.f.DefaultMavenResourcesFiltering - skip non existing resourceDirectory C:\Users\shail\OneDrive\Desktop\Spring one\practice1\MavenFirstProject\src\test\resources
2026-01-10 14:00:02,021 [Worker-50: Building] INFO  o.a.m.s.f.DefaultMavenResourcesFiltering - skip non existing resourceDirectory C:\Users\shail\OneDrive\Desktop\Spring one\practice1\MavenFirstProject\src\main\resources
2026-01-10 14:00:02,024 [Worker-50: Building] INFO  o.a.m.s.f.DefaultMavenResourcesFiltering - skip non existing resourceDirectory C:\Users\shail\OneDrive\Desktop\Spring one\practice1\MavenFirstProject\src\test\resources
2026-01-10 14:00:20,526 [Worker-52: Building] INFO  o.a.m.s.f.DefaultMavenResourcesFiltering - skip non existing resourceDirectory C:\Users\shail\OneDrive\Desktop\Spring one\practice1\MavenFirstProject\src\main\resources
2026-01-10 14:00:20,532 [Worker-52: Building] INFO  o.a.m.s.f.DefaultMavenResourcesFiltering - skip non existing resourceDirectory C:\Users\shail\OneDrive\Desktop\Spring one\practice1\MavenFirstProject\src\test\resources
2026-01-10 14:01:04,866 [Worker-52: Building] INFO  o.a.m.s.f.DefaultMavenResourcesFiltering - skip non existing resourceDirectory C:\Users\shail\OneDrive\Desktop\Spring one\practice1\MavenFirstProject\src\main\resources
2026-01-10 14:01:04,870 [Worker-52: Building] INFO  o.a.m.s.f.DefaultMavenResourcesFiltering - skip non existing resourceDirectory C:\Users\shail\OneDrive\Desktop\Spring one\practice1\MavenFirstProject\src\test\resources
2026-01-10 14:01:53,488 [Worker-52: Building] INFO  o.a.m.s.f.DefaultMavenResourcesFiltering - skip non existing resourceDirectory C:\Users\shail\OneDrive\Desktop\Spring one\practice1\MavenFirstProject\src\main\resources
2026-01-10 14:01:53,491 [Worker-52: Building] INFO  o.a.m.s.f.DefaultMavenResourcesFiltering - skip non existing resourceDirectory C:\Users\shail\OneDrive\Desktop\Spring one\practice1\MavenFirstProject\src\test\resources
2026-01-10 14:03:09,104 [Worker-54: Building] INFO  o.a.m.s.f.DefaultMavenResourcesFiltering - skip non existing resourceDirectory C:\Users\shail\OneDrive\Desktop\Spring one\practice1\MavenFirstProject\src\main\resources
2026-01-10 14:03:09,110 [Worker-54: Building] INFO  o.a.m.s.f.DefaultMavenResourcesFiltering - skip non existing resourceDirectory C:\Users\shail\OneDrive\Desktop\Spring one\practice1\MavenFirstProject\src\test\resources
2026-01-10 14:03:28,932 [Worker-52: Building] INFO  o.a.m.s.f.DefaultMavenResourcesFiltering - skip non existing resourceDirectory C:\Users\shail\OneDrive\Desktop\Spring one\practice1\MavenFirstProject\src\main\resources
2026-01-10 14:03:28,934 [Worker-52: Building] INFO  o.a.m.s.f.DefaultMavenResourcesFiltering - skip non existing resourceDirectory C:\Users\shail\OneDrive\Desktop\Spring one\practice1\MavenFirstProject\src\test\resources
